<?xml version="1.0" encoding="UTF-8" ?>
<testsuites>
 <testsuite name="Server Tests" timestamp="2016-08-02T14:14:29" hostname="localhost" time="0.29" errors="0" tests="0" skipped="0" disabled="0" failures="0">
 </testsuite>
 <testsuite name="Server Tests.Server" timestamp="2016-08-02T14:14:29" hostname="localhost" time="0.001" errors="0" tests="1" skipped="0" disabled="0" failures="0">
  <testcase classname="Server Tests.Server" name="should provide a catalog containing the exposed paths" time="0.001" />
 </testsuite>
 <testsuite name="Server Tests.PersonService" timestamp="2016-08-02T14:14:29" hostname="localhost" time="0.219" errors="0" tests="3" skipped="0" disabled="0" failures="0">
  <testcase classname="Server Tests.PersonService" name="should return the person (123) for GET on path: /person/123" time="0.084" />
  <testcase classname="Server Tests.PersonService" name="should return true for PUT on path: /person/123" time="0.128" />
  <testcase classname="Server Tests.PersonService" name="should return the an array with 3 elements for GET on path: /person?start=0&amp;size=3" time="0.006" />
 </testsuite>
 <testsuite name="Server Tests.TestParams" timestamp="2016-08-02T14:14:30" hostname="localhost" time="0.029" errors="0" tests="3" skipped="0" disabled="0" failures="0">
  <testcase classname="Server Tests.TestParams" name="should parse header and cookies correclty" time="0.004" />
  <testcase classname="Server Tests.TestParams" name="should accept Context parameters" time="0.005" />
  <testcase classname="Server Tests.TestParams" name="should accept file parameters" time="0.02" />
 </testsuite>
 <testsuite name="Server Tests.AcceptTest" timestamp="2016-08-02T14:14:30" hostname="localhost" time="0.035" errors="0" tests="7" skipped="0" disabled="0" failures="0">
  <testcase classname="Server Tests.AcceptTest" name="should choose language correctly" time="0.007" />
  <testcase classname="Server Tests.AcceptTest" name="should reject unacceptable languages" time="0.006" />
  <testcase classname="Server Tests.AcceptTest" name="should use default language if none specified" time="0.003" />
  <testcase classname="Server Tests.AcceptTest" name="should use default media type if none specified" time="0.004" />
  <testcase classname="Server Tests.AcceptTest" name="should handle RestErrors" time="0.005" />
  <testcase classname="Server Tests.AcceptTest" name="should handle RestErrors on Async calls" time="0.005" />
  <testcase classname="Server Tests.AcceptTest" name="should reject unacceptable media types" time="0.005" />
 </testsuite>
</testsuites>